c:\users\іван\downloads\library-master\library-master\is_library\x64\debug\vc143.pdb
c:\users\іван\downloads\library-master\library-master\is_library\x64\debug\vc143.idb
c:\users\іван\downloads\library-master\library-master\is_library\x64\debug\worker.obj
c:\users\іван\downloads\library-master\library-master\is_library\x64\debug\reader.obj
c:\users\іван\downloads\library-master\library-master\is_library\x64\debug\organizermenu.obj
c:\users\іван\downloads\library-master\library-master\is_library\x64\debug\menu.obj
c:\users\іван\downloads\library-master\library-master\is_library\x64\debug\main.obj
c:\users\іван\downloads\library-master\library-master\is_library\x64\debug\library.obj
c:\users\іван\downloads\library-master\library-master\is_library\x64\debug\librarianmenu.obj
c:\users\іван\downloads\library-master\library-master\is_library\x64\debug\event.obj
c:\users\іван\downloads\library-master\library-master\is_library\x64\debug\book.obj
c:\users\іван\downloads\library-master\library-master\is_library\x64\debug\adminmenu.obj
c:\users\іван\downloads\library-master\library-master\x64\debug\is_library.pdb
c:\users\іван\downloads\library-master\library-master\is_library\x64\debug\is_library.tlog\cl.command.1.tlog
c:\users\іван\downloads\library-master\library-master\is_library\x64\debug\is_library.tlog\cl.read.1.tlog
c:\users\іван\downloads\library-master\library-master\is_library\x64\debug\is_library.tlog\cl.write.1.tlog
c:\users\іван\downloads\library-master\library-master\is_library\x64\debug\is_library.tlog\link-cvtres.read.1.tlog
c:\users\іван\downloads\library-master\library-master\is_library\x64\debug\is_library.tlog\link-cvtres.write.1.tlog
c:\users\іван\downloads\library-master\library-master\is_library\x64\debug\is_library.tlog\link-rc.read.1.tlog
c:\users\іван\downloads\library-master\library-master\is_library\x64\debug\is_library.tlog\link-rc.write.1.tlog
c:\users\іван\downloads\library-master\library-master\is_library\x64\debug\is_library.tlog\link.command.1.tlog
c:\users\іван\downloads\library-master\library-master\is_library\x64\debug\is_library.tlog\link.read.1.tlog
c:\users\іван\downloads\library-master\library-master\is_library\x64\debug\is_library.tlog\link.read.2.tlog
c:\users\іван\downloads\library-master\library-master\is_library\x64\debug\is_library.tlog\link.write.1.tlog
